[21:53:10] [main/INFO]: Setting user: Player674
[21:53:11] [Client thread/INFO]: LWJGL Version: 2.9.1
[21:53:15] [Client thread/INFO]: Reloading ResourceManager: Default, FMLFileResourcePack:Forge Mod Loader, FMLFileResourcePack:Minecraft Forge, FMLFileResourcePack:Confused Elements
[21:53:16] [Sound Library Loader/INFO]: Sound engine started
[21:53:17] [Client thread/INFO]: Created: 512x256 textures/blocks-atlas
[21:53:17] [Client thread/INFO]: Created: 256x256 textures/items-atlas
[21:53:18] [Client thread/INFO]: Reloading ResourceManager: Default, FMLFileResourcePack:Forge Mod Loader, FMLFileResourcePack:Minecraft Forge, FMLFileResourcePack:Confused Elements
[21:53:18] [Client thread/INFO]: Created: 256x256 textures/items-atlas
[21:53:18] [Client thread/INFO]: Created: 512x256 textures/blocks-atlas
[21:53:19] [Sound Library Loader/INFO]: Sound engine started
[21:53:26] [Server thread/INFO]: Starting integrated minecraft server version 1.7.10
[21:53:26] [Server thread/INFO]: Generating keypair
[21:53:26] [Server thread/INFO]: Preparing start region for level 0
[21:53:27] [Server thread/INFO]: Changing view distance to 12, from 10
[21:53:28] [Server thread/INFO]: Player674[local:E:6b7d9e15] logged in with entity id 124 at (258.0088448053673, 4.0, 242.47968775295442)
[21:53:28] [Server thread/INFO]: Player674 joined the game
[21:53:31] [Server thread/INFO]: Player674 has just earned the achievement [Taking Inventory]
[21:53:31] [Client thread/INFO]: [CHAT] Player674 has just earned the achievement [Taking Inventory]
[21:53:40] [Server thread/INFO]: Saving and pausing game...
[21:53:40] [Server thread/INFO]: Saving chunks for level 'New World'/Overworld
[21:53:40] [Server thread/INFO]: Saving chunks for level 'New World'/Nether
[21:53:40] [Server thread/INFO]: Saving chunks for level 'New World'/The End
[21:53:41] [Client thread/INFO]: Stopping!
[21:53:41] [Server thread/INFO]: Stopping server
[21:53:41] [Server thread/INFO]: Saving players
[21:53:41] [Server thread/INFO]: Saving worlds
[21:53:41] [Server thread/INFO]: Saving chunks for level 'New World'/Overworld
[21:53:41] [Server thread/INFO]: Saving chunks for level 'New World'/Nether
[21:53:41] [Server thread/INFO]: Saving chunks for level 'New World'/The End
